Flow report for project_1
Wed Mar 16 12:00:41 2016
Quartus Prime Version 15.1.0 Build 185 10/21/2015 SJ Lite Edition


---------------------
; Table of Contents ;
---------------------
  1. Legal Notice
  2. Flow Summary
  3. Flow Settings
  4. Flow Non-Default Global Settings
  5. Flow Elapsed Time
  6. Flow OS Summary
  7. Flow Log
  8. Flow Messages
  9. Flow Suppressed Messages



----------------
; Legal Notice ;
----------------
Copyright (C) 1991-2015 Altera Corporation. All rights reserved.
Your use of Altera Corporation's design tools, logic functions 
and other software and tools, and its AMPP partner logic 
functions, and any output files from any of the foregoing 
(including device programming or simulation files), and any 
associated documentation or information are expressly subject 
to the terms and conditions of the Altera Program License 
Subscription Agreement, the Altera Quartus Prime License Agreement,
the Altera MegaCore Function License Agreement, or other 
applicable license agreement, including, without limitation, 
that your use is for the sole purpose of programming logic 
devices manufactured by Altera and sold by Altera or its 
authorized distributors.  Please refer to the applicable 
agreement for further details.



+-------------------------------------------------------------------------------+
; Flow Summary                                                                  ;
+---------------------------------+---------------------------------------------+
; Flow Status                     ; Successful - Wed Mar 16 12:00:41 2016       ;
; Quartus Prime Version           ; 15.1.0 Build 185 10/21/2015 SJ Lite Edition ;
; Revision Name                   ; project_1                                   ;
; Top-level Entity Name           ; main                                        ;
; Family                          ; Cyclone V                                   ;
; Device                          ; 5CEBA4F23C7                                 ;
; Timing Models                   ; Final                                       ;
; Logic utilization (in ALMs)     ; 282 / 18,480 ( 2 % )                        ;
; Total registers                 ; 201                                         ;
; Total pins                      ; 43 / 224 ( 19 % )                           ;
; Total virtual pins              ; 0                                           ;
; Total block memory bits         ; 0 / 3,153,920 ( 0 % )                       ;
; Total DSP Blocks                ; 4 / 66 ( 6 % )                              ;
; Total HSSI RX PCSs              ; 0                                           ;
; Total HSSI PMA RX Deserializers ; 0                                           ;
; Total HSSI TX PCSs              ; 0                                           ;
; Total HSSI PMA TX Serializers   ; 0                                           ;
; Total PLLs                      ; 1 / 4 ( 25 % )                              ;
; Total DLLs                      ; 0 / 4 ( 0 % )                               ;
+---------------------------------+---------------------------------------------+


+-----------------------------------------+
; Flow Settings                           ;
+-------------------+---------------------+
; Option            ; Setting             ;
+-------------------+---------------------+
; Start date & time ; 03/16/2016 11:57:47 ;
; Main task         ; Compilation         ;
; Revision Name     ; project_1           ;
+-------------------+---------------------+


+----------------------------------------------------------------------------------------------------------------------+
; Flow Non-Default Global Settings                                                                                     ;
+-------------------------------------+---------------------------------+---------------+-------------+----------------+
; Assignment Name                     ; Value                           ; Default Value ; Entity Name ; Section Id     ;
+-------------------------------------+---------------------------------+---------------+-------------+----------------+
; COMPILER_SIGNATURE_ID               ; 268749057067634.145809346701120 ; --            ; --          ; --             ;
; EDA_OUTPUT_DATA_FORMAT              ; Vhdl                            ; --            ; --          ; eda_simulation ;
; EDA_SIMULATION_TOOL                 ; ModelSim-Altera (VHDL)          ; <None>        ; --          ; --             ;
; MAX_CORE_JUNCTION_TEMP              ; 85                              ; --            ; --          ; --             ;
; MIN_CORE_JUNCTION_TEMP              ; 0                               ; --            ; --          ; --             ;
; MISC_FILE                           ; altpll.cmp                      ; --            ; --          ; --             ;
; MISC_FILE                           ; aplpll.cmp                      ; --            ; --          ; --             ;
; MISC_FILE                           ; aplpll_sim/aplpll.vho           ; --            ; --          ; --             ;
; MISC_FILE                           ; apll.cmp                        ; --            ; --          ; --             ;
; MISC_FILE                           ; apll_sim/apll.vho               ; --            ; --          ; --             ;
; MISC_FILE                           ; vgapll.cmp                      ; --            ; --          ; --             ;
; MISC_FILE                           ; vgapll_sim/vgapll.vo            ; --            ; --          ; --             ;
; PARTITION_COLOR                     ; 16764057                        ; --            ; main        ; Top            ;
; PARTITION_FITTER_PRESERVATION_LEVEL ; PLACEMENT_AND_ROUTING           ; --            ; main        ; Top            ;
; PARTITION_NETLIST_TYPE              ; SOURCE                          ; --            ; main        ; Top            ;
; PROJECT_OUTPUT_DIRECTORY            ; output_files                    ; --            ; --          ; --             ;
; SPD_FILE                            ; altpll.spd                      ; --            ; --          ; --             ;
; SPD_FILE                            ; aplpll.spd                      ; --            ; --          ; --             ;
; SPD_FILE                            ; apll.spd                        ; --            ; --          ; --             ;
; SPD_FILE                            ; vgapll.spd                      ; --            ; --          ; --             ;
; SYNTHESIS_ONLY_QIP                  ; On                              ; --            ; --          ; --             ;
; SYNTHESIS_ONLY_QIP                  ; On                              ; --            ; --          ; --             ;
; SYNTHESIS_ONLY_QIP                  ; On                              ; --            ; --          ; --             ;
; SYNTHESIS_ONLY_QIP                  ; On                              ; --            ; --          ; --             ;
; TOP_LEVEL_ENTITY                    ; main                            ; project_1     ; --          ; --             ;
+-------------------------------------+---------------------------------+---------------+-------------+----------------+


+-------------------------------------------------------------------------------------------------------------------------------+
; Flow Elapsed Time                                                                                                             ;
+---------------------------+--------------+-------------------------+---------------------+------------------------------------+
; Module Name               ; Elapsed Time ; Average Processors Used ; Peak Virtual Memory ; Total CPU Time (on all processors) ;
+---------------------------+--------------+-------------------------+---------------------+------------------------------------+
; Analysis & Synthesis      ; 00:00:21     ; 1.0                     ; 875 MB              ; 00:00:46                           ;
; Fitter                    ; 00:01:06     ; 1.0                     ; 1806 MB             ; 00:01:21                           ;
; Assembler                 ; 00:00:08     ; 1.0                     ; 839 MB              ; 00:00:08                           ;
; TimeQuest Timing Analyzer ; 00:00:14     ; 1.0                     ; 1076 MB             ; 00:00:13                           ;
; EDA Netlist Writer        ; 00:00:03     ; 1.0                     ; 823 MB              ; 00:00:03                           ;
; Total                     ; 00:01:52     ; --                      ; --                  ; 00:02:31                           ;
+---------------------------+--------------+-------------------------+---------------------+------------------------------------+


+----------------------------------------------------------------------------------------+
; Flow OS Summary                                                                        ;
+---------------------------+------------------+-----------+------------+----------------+
; Module Name               ; Machine Hostname ; OS Name   ; OS Version ; Processor type ;
+---------------------------+------------------+-----------+------------+----------------+
; Analysis & Synthesis      ; peka-ой          ; Windows 7 ; 6.1        ; x86_64         ;
; Fitter                    ; peka-ой          ; Windows 7 ; 6.1        ; x86_64         ;
; Assembler                 ; peka-ой          ; Windows 7 ; 6.1        ; x86_64         ;
; TimeQuest Timing Analyzer ; peka-ой          ; Windows 7 ; 6.1        ; x86_64         ;
; EDA Netlist Writer        ; peka-ой          ; Windows 7 ; 6.1        ; x86_64         ;
+---------------------------+------------------+-----------+------------+----------------+


------------
; Flow Log ;
------------
quartus_map --read_settings_files=on --write_settings_files=off pin-pong -c project_1
quartus_fit --read_settings_files=off --write_settings_files=off pin-pong -c project_1
quartus_asm --read_settings_files=off --write_settings_files=off pin-pong -c project_1
quartus_sta pin-pong -c project_1
quartus_eda --read_settings_files=off --write_settings_files=off pin-pong -c project_1



